<?xml version="1.0" encoding="UTF-8"?>
<!-- Generated by org.testng.reporters.JUnitReportReporter -->
<testsuite hostname="DESKTOP-MUER2U5" failures="0" tests="1" name="Project2.org.Test1" time="71.258" errors="0" timestamp="2024-01-18T19:21:44 IST" skipped="0">
  <testcase classname="Project2.org.Test1" name="login" time="71.258"/>
</testsuite> <!-- Project2.org.Test1 -->
